<?xml version="1.0" encoding="UTF-8"?>
<testng-results skipped="0" failed="1" total="2" passed="1">
  <reporter-output>
    <line>
      <![CDATA[Fav Color : Green]]>
    </line>
    <line>
      <![CDATA[Mothers Name : Barkly]]>
    </line>
    <line>
      <![CDATA[Get Sons Name : Asleyee]]>
    </line>
    <line>
      <![CDATA[Test Passed]]>
    </line>
  </reporter-output>
  <suite name="Surefire suite" duration-ms="6725" started-at="2014-08-18T11:52:07Z" finished-at="2014-08-18T11:52:14Z">
    <groups>
    </groups>
    <test name="Surefire test" duration-ms="6725" started-at="2014-08-18T11:52:07Z" finished-at="2014-08-18T11:52:14Z">
      <class name="au.myhome.test.WebDriverTest">
        <test-method status="FAIL" signature="newSurveyUsingCSVFile(au.myhome.dataobject.SurveyData)[pri:0, instance:au.myhome.test.WebDriverTest@38e07fc8]" name="newSurveyUsingCSVFile" duration-ms="0" started-at="2014-08-18T21:52:07Z" data-provider="regCSVData" finished-at="2014-08-18T21:52:07Z">
          <exception class="org.testng.TestNGException">
            <message>
              <![CDATA[
Method public void au.myhome.test.WebDriverTest.newSurveyUsingCSVFile(au.myhome.dataobject.SurveyData) requires a @DataProvider named : regCSVData in class au.myhome.dataobject.SurveyData]]>
            </message>
            <full-stacktrace>
              <![CDATA[org.testng.TestNGException: 
Method public void au.myhome.test.WebDriverTest.newSurveyUsingCSVFile(au.myhome.dataobject.SurveyData) requires a @DataProvider named : regCSVData in class au.myhome.dataobject.SurveyData
	at org.testng.internal.Parameters.findDataProvider(Parameters.java:268)
	at org.testng.internal.Parameters.handleParameters(Parameters.java:417)
	at org.testng.internal.Invoker.handleParameters(Invoker.java:1383)
	at org.testng.internal.Invoker.createParameters(Invoker.java:1075)
	at org.testng.internal.Invoker.invokeTestMethods(Invoker.java:1180)
	at org.testng.internal.TestMethodWorker.invokeTestMethods(TestMethodWorker.java:127)
	at org.testng.internal.TestMethodWorker.run(TestMethodWorker.java:111)
	at org.testng.TestRunner.privateRun(TestRunner.java:767)
	at org.testng.TestRunner.run(TestRunner.java:617)
	at org.testng.SuiteRunner.runTest(SuiteRunner.java:348)
	at org.testng.SuiteRunner.runSequentially(SuiteRunner.java:343)
	at org.testng.SuiteRunner.privateRun(SuiteRunner.java:305)
	at org.testng.SuiteRunner.run(SuiteRunner.java:254)
	at org.testng.SuiteRunnerWorker.runSuite(SuiteRunnerWorker.java:52)
	at org.testng.SuiteRunnerWorker.run(SuiteRunnerWorker.java:86)
	at org.testng.TestNG.runSuitesSequentially(TestNG.java:1224)
	at org.testng.TestNG.runSuitesLocally(TestNG.java:1149)
	at org.testng.TestNG.run(TestNG.java:1057)
	at org.apache.maven.surefire.testng.TestNGExecutor.run(TestNGExecutor.java:115)
	at org.apache.maven.surefire.testng.TestNGDirectoryTestSuite.executeSingleClass(TestNGDirectoryTestSuite.java:128)
	at org.apache.maven.surefire.testng.TestNGDirectoryTestSuite.execute(TestNGDirectoryTestSuite.java:112)
	at org.apache.maven.surefire.testng.TestNGProvider.invoke(TestNGProvider.java:112)
	at org.apache.maven.surefire.booter.ForkedBooter.invokeProviderInSameClassLoader(ForkedBooter.java:200)
	at org.apache.maven.surefire.booter.ForkedBooter.runSuitesInProcess(ForkedBooter.java:153)
	at org.apache.maven.surefire.booter.ForkedBooter.main(ForkedBooter.java:103)
]]>
            </full-stacktrace>
          </exception> <!-- org.testng.TestNGException -->
          <reporter-output>
          </reporter-output>
        </test-method> <!-- newSurveyUsingCSVFile -->
        <test-method status="PASS" signature="launchBroswer(java.lang.String)[pri:0, instance:au.myhome.test.WebDriverTest@38e07fc8]" name="launchBroswer" is-config="true" duration-ms="3571" started-at="2014-08-18T21:52:08Z" finished-at="2014-08-18T21:52:11Z">
          <params>
            <param index="0">
              <value>
                <![CDATA[FF]]>
              </value>
            </param>
          </params>
          <reporter-output>
          </reporter-output>
        </test-method> <!-- launchBroswer -->
        <test-method status="PASS" signature="testSurvey(au.myhome.dataobject.SurveyData)[pri:0, instance:au.myhome.test.WebDriverTest@38e07fc8]" name="testSurvey" duration-ms="3034" started-at="2014-08-18T21:52:11Z" data-provider="surveyData" finished-at="2014-08-18T21:52:14Z">
          <params>
            <param index="0">
              <value>
                <![CDATA[au.myhome.dataobject.SurveyData@6444b374]]>
              </value>
            </param>
          </params>
          <reporter-output>
            <line>
              <![CDATA[Fav Color : Green]]>
            </line>
            <line>
              <![CDATA[Mothers Name : Barkly]]>
            </line>
            <line>
              <![CDATA[Get Sons Name : Asleyee]]>
            </line>
            <line>
              <![CDATA[Test Passed]]>
            </line>
          </reporter-output>
        </test-method> <!-- testSurvey -->
        <test-method status="PASS" signature="closeBroswer(org.testng.ITestResult)[pri:0, instance:au.myhome.test.WebDriverTest@38e07fc8]" name="closeBroswer" is-config="true" duration-ms="96" started-at="2014-08-18T21:52:14Z" finished-at="2014-08-18T21:52:14Z">
          <params>
            <param index="0">
              <value>
                <![CDATA[[TestResult name=testSurvey status=SUCCESS method=WebDriverTest.testSurvey(au.myhome.dataobject.SurveyData)[pri:0, instance:au.myhome.test.WebDriverTest@38e07fc8] output=Fav Color : Green]]]>
              </value>
            </param>
          </params>
          <reporter-output>
          </reporter-output>
        </test-method> <!-- closeBroswer -->
      </class> <!-- au.myhome.test.WebDriverTest -->
    </test> <!-- Surefire test -->
  </suite> <!-- Surefire suite -->
</testng-results>
