<?xml version="1.0" encoding="UTF-8"?>
<!-- Generated by org.testng.reporters.JUnitXMLReporter -->
<testsuite name="Default test" tests="4" failures="0" timestamp="30 Jul 2014 12:42:12 GMT" time="20.026" errors="0">
  <testcase name="newRegistrationUsingCSVFile" time="2.646" classname="au.aemo.test.WebDriverTest"/>
  <testcase name="newRegistrationUsingCSVFile" time="2.353" classname="au.aemo.test.WebDriverTest"/>
  <testcase name="newRegistrationUsingCSVFile" time="2.396" classname="au.aemo.test.WebDriverTest"/>
  <testcase name="testRegisration" time="2.475" classname="au.aemo.test.WebDriverTest"/>
</testsuite> <!-- Default test -->
